#
# A fatal error has been detected by the Java Runtime Environment:
#
#  EXCEPTION_ACCESS_VIOLATION (0xc0000005) at pc=0x0000000000000000, pid=5916, tid=0x0000000000006424
#
# JRE version: OpenJDK Runtime Environment (8.0_322-b06) (build 1.8.0_322-b06)
# Java VM: OpenJDK 64-Bit Server VM (25.322-b06 mixed mode windows-amd64 compressed oops)
# Problematic frame:
# C  0x0000000000000000
#
# Failed to write core dump. Minidumps are not enabled by default on client versions of Windows
#
# If you would like to submit a bug report, please visit:
#   https://github.com/corretto/corretto-8/issues/
#

---------------  T H R E A D  ---------------

Current thread (0x000001ae5aec1800):  JavaThread "nioEventLoopGroup-5-7" [_thread_in_Java, id=25636, stack(0x000000586d700000,0x000000586d800000)]

siginfo: ExceptionCode=0xc0000005, ExceptionInformation=0x0000000000000008 0x0000000000000000

Registers:
RAX=0x000001ae3d9c817d, RBX=0x000001ae6138bf10, RCX=0x000000076be64580, RDX=0x0000000000000003
RSP=0x000000586d7fe7d0, RBP=0x000000586d7fe828, RSI=0x00000007c04d1e78, RDI=0x00000000000007d7
R8 =0x000000076be64580, R9 =0x0000000000000030, R10=0x000000006a8262e0, R11=0x00000007c000bab0
R12=0x0000000000000000, R13=0x000000586d7fe7d0, R14=0x000000586d7fe850, R15=0x000001ae5aec1800
RIP=0x0000000000000000, EFLAGS=0x0000000000010246

Top of Stack: (sp=0x000000586d7fe7d0)
0x000000586d7fe7d0:   000001ae3d9c817d 00000000000007d7
0x000000586d7fe7e0:   000000076be64580 000000586d7fe7e8
0x000000586d7fe7f0:   000001ae5f58a1eb 000000586d7fe850
0x000000586d7fe800:   000001ae5f58a280 0000000000000000
0x000000586d7fe810:   000001ae5f58a1f8 000000586d7fe7d0
0x000000586d7fe820:   000000586d7fe840 000000586d7fe898
0x000000586d7fe830:   000001ae3d9c817d 00000006c9733c60
0x000000586d7fe840:   00000000000007d7 000000076be64580
0x000000586d7fe850:   00000006c9733c40 000000586d7fe858
0x000000586d7fe860:   000001ae5f64225c 000000586d7fe8e0
0x000000586d7fe870:   000001ae5f642300 0000000000000000
0x000000586d7fe880:   000001ae5f642278 000000586d7fe840
0x000000586d7fe890:   000000586d7fe8f0 000000586d7feb48
0x000000586d7fe8a0:   000001ae3ef293ec 0000000000000000
0x000000586d7fe8b0:   00000006c9733c40 000000076be64580
0x000000586d7fe8c0:   00000006c9b5fbf0 00000000000007d7 

Instructions: (pc=0x0000000000000000)
0xffffffffffffffe0:   


Register to memory mapping:

RAX=0x000001ae3d9c817d is at code_begin+2301 in an Interpreter codelet
invoke return entry points  [0x000001ae3d9c7880, 0x000001ae3d9c8260]  2528 bytes
RBX=0x000001ae6138bf10 is pointing into metadata
RCX=0x000000076be64580 is an oop
scripting.PortalPlayerInteraction 
 - klass: 'scripting/PortalPlayerInteraction'
RDX=0x0000000000000003 is an unknown value
RSP=0x000000586d7fe7d0 is pointing into the stack for thread: 0x000001ae5aec1800
RBP=0x000000586d7fe828 is pointing into the stack for thread: 0x000001ae5aec1800
RSI=0x00000007c04d1e78 is pointing into metadata
RDI=0x00000000000007d7 is an unknown value
R8 =0x000000076be64580 is an oop
scripting.PortalPlayerInteraction 
 - klass: 'scripting/PortalPlayerInteraction'
R9 =0x0000000000000030 is an unknown value
R10=0x000000006a8262e0 is an unknown value
R11=0x00000007c000bab0 is pointing into metadata
R12=0x0000000000000000 is an unknown value
R13=0x000000586d7fe7d0 is pointing into the stack for thread: 0x000001ae5aec1800
R14=0x000000586d7fe850 is pointing into the stack for thread: 0x000001ae5aec1800
R15=0x000001ae5aec1800 is a thread


Stack: [0x000000586d700000,0x000000586d800000],  sp=0x000000586d7fe7d0,  free space=1017k
Native frames: (J=compiled Java code, j=interpreted, Vv=VM code, C=native code)


---------------  P R O C E S S  ---------------

Java Threads: ( => current thread )
=>0x000001ae5aec1800 JavaThread "nioEventLoopGroup-5-7" [_thread_in_Java, id=25636, stack(0x000000586d700000,0x000000586d800000)]
  0x000001ae5aec4800 JavaThread "nioEventLoopGroup-3-7" [_thread_in_native, id=19628, stack(0x000000586d000000,0x000000586d100000)]
  0x000001ae5aec3800 JavaThread "Bufftimer893963950-Worker-6" [_thread_blocked, id=22420, stack(0x000000586d400000,0x000000586d500000)]
  0x000001ae5aec2000 JavaThread "nioEventLoopGroup-5-6" [_thread_in_native, id=25496, stack(0x000000586d100000,0x000000586d200000)]
  0x000001ae5aeba800 JavaThread "nioEventLoopGroup-3-6" [_thread_in_native, id=24120, stack(0x000000586cf00000,0x000000586d000000)]
  0x000001ae5aebb000 JavaThread "nioEventLoopGroup-5-5" [_thread_in_native, id=13880, stack(0x000000586ce00000,0x000000586cf00000)]
  0x000001ae5aec0000 JavaThread "nioEventLoopGroup-3-5" [_thread_in_native, id=34420, stack(0x000000586cd00000,0x000000586ce00000)]
  0x000001ae5aebc800 JavaThread "nioEventLoopGroup-5-4" [_thread_in_native, id=19696, stack(0x000000586d900000,0x000000586da00000)]
  0x000001ae5aec0800 JavaThread "nioEventLoopGroup-3-4" [_thread_in_native, id=14164, stack(0x000000586d800000,0x000000586d900000)]
  0x000001ae5aebc000 JavaThread "nioEventLoopGroup-5-3" [_thread_in_native, id=33448, stack(0x000000586d600000,0x000000586d700000)]
  0x000001ae5c37d800 JavaThread "nioEventLoopGroup-3-3" [_thread_in_native, id=20016, stack(0x000000586d500000,0x000000586d600000)]
  0x000001ae5c37e000 JavaThread "nioEventLoopGroup-5-2" [_thread_in_native, id=24484, stack(0x000000586d300000,0x000000586d400000)]
  0x000001ae5c373000 JavaThread "nioEventLoopGroup-3-2" [_thread_in_native, id=23576, stack(0x000000586d200000,0x000000586d300000)]
  0x000001ae5c377000 JavaThread "nioEventLoopGroup-5-1" [_thread_in_native, id=30352, stack(0x000000586a500000,0x000000586a600000)]
  0x000001ae5c372800 JavaThread "threadDeathWatcher-12-1" daemon [_thread_blocked, id=18900, stack(0x000000586a400000,0x000000586a500000)]
  0x000001ae5c36f800 JavaThread "nioEventLoopGroup-3-1" [_thread_in_native, id=33012, stack(0x000000586a300000,0x000000586a400000)]
  0x000001ae5c371000 JavaThread "Worldtimer-1650110083-Worker-4" [_thread_blocked, id=5952, stack(0x000000586cc00000,0x000000586cd00000)]
  0x000001ae5c376800 JavaThread "Worldtimer-1650110083-Worker-3" [_thread_blocked, id=32044, stack(0x000000586cb00000,0x000000586cc00000)]
  0x000001ae5e4ff800 JavaThread "DestroyJavaVM" [_thread_blocked, id=33464, stack(0x000000586a600000,0x000000586a700000)]
  0x000001ae5e4ff000 JavaThread "Worldtimer-1650110083-Worker-2" [_thread_blocked, id=9528, stack(0x000000586ca00000,0x000000586cb00000)]
  0x000001ae5e4fd800 JavaThread "Worldtimer-1650110083-Worker-1" [_thread_blocked, id=31648, stack(0x000000586c900000,0x000000586ca00000)]
  0x000001ae5e500800 JavaThread "nioEventLoopGroup-10-1" [_thread_in_native, id=3340, stack(0x000000586c800000,0x000000586c900000)]
  0x000001ae5afbb800 JavaThread "nioEventLoopGroup-8-1" [_thread_in_native, id=30244, stack(0x000000586c700000,0x000000586c800000)]
  0x000001ae5ac77800 JavaThread "nioEventLoopGroup-6-1" [_thread_in_native, id=32964, stack(0x000000586c600000,0x000000586c700000)]
  0x000001ae5aeca800 JavaThread "Eventtimer-1304360488-Worker-4" [_thread_blocked, id=24864, stack(0x000000586c500000,0x000000586c600000)]
  0x000001ae5e4e9000 JavaThread "Eventtimer-1304360488-Worker-3" [_thread_blocked, id=20876, stack(0x000000586c400000,0x000000586c500000)]
  0x000001ae5a437800 JavaThread "Eventtimer-1304360488-Worker-2" [_thread_blocked, id=17848, stack(0x000000586c300000,0x000000586c400000)]
  0x000001ae5e90c800 JavaThread "Eventtimer-1304360488-Worker-1" [_thread_blocked, id=25500, stack(0x000000586c200000,0x000000586c300000)]
  0x000001ae5aa38800 JavaThread "nioEventLoopGroup-4-1" [_thread_in_native, id=25068, stack(0x000000586c100000,0x000000586c200000)]
  0x000001ae59823800 JavaThread "nioEventLoopGroup-2-1" [_thread_in_native, id=34620, stack(0x000000586c000000,0x000000586c100000)]
  0x000001ae592f4000 JavaThread "Abandoned connection cleanup thread" daemon [_thread_blocked, id=35048, stack(0x000000586bf00000,0x000000586c000000)]
  0x000001ae59174000 JavaThread "Service Thread" daemon [_thread_blocked, id=34896, stack(0x000000586bd00000,0x000000586be00000)]
  0x000001ae59132800 JavaThread "C1 CompilerThread3" daemon [_thread_blocked, id=33712, stack(0x000000586bc00000,0x000000586bd00000)]
  0x000001ae5912b000 JavaThread "C2 CompilerThread2" daemon [_thread_blocked, id=31572, stack(0x000000586bb00000,0x000000586bc00000)]
  0x000001ae5912a000 JavaThread "C2 CompilerThread1" daemon [_thread_blocked, id=33952, stack(0x000000586ba00000,0x000000586bb00000)]
  0x000001ae59123000 JavaThread "C2 CompilerThread0" daemon [_thread_blocked, id=10792, stack(0x000000586b900000,0x000000586ba00000)]
  0x000001ae59114000 JavaThread "JDWP Command Reader" daemon [_thread_in_native, id=28204, stack(0x000000586b800000,0x000000586b900000)]
  0x000001ae56d3e800 JavaThread "JDWP Event Helper Thread" daemon [_thread_blocked, id=26208, stack(0x000000586b700000,0x000000586b800000)]
  0x000001ae56d35000 JavaThread "JDWP Transport Listener: dt_socket" daemon [_thread_blocked, id=20028, stack(0x000000586b600000,0x000000586b700000)]
  0x000001ae56d2f000 JavaThread "Attach Listener" daemon [_thread_blocked, id=25588, stack(0x000000586b500000,0x000000586b600000)]
  0x000001ae59102800 JavaThread "Signal Dispatcher" daemon [_thread_blocked, id=27032, stack(0x000000586b400000,0x000000586b500000)]
  0x000001ae56ce6800 JavaThread "Finalizer" daemon [_thread_blocked, id=26720, stack(0x000000586b300000,0x000000586b400000)]
  0x000001ae56cd9800 JavaThread "Reference Handler" daemon [_thread_blocked, id=27956, stack(0x000000586b200000,0x000000586b300000)]

Other Threads:
  0x000001ae56cb1000 VMThread [stack: 0x000000586b100000,0x000000586b200000] [id=19084]
  0x000001ae59177800 WatcherThread [stack: 0x000000586be00000,0x000000586bf00000] [id=7300]

VM state:not at safepoint (normal execution)

VM Mutex/Monitor currently owned by a thread: None

heap address: 0x00000006c1c00000, size: 4068 MB, Compressed Oops mode: Zero based, Oop shift amount: 3
Narrow klass base: 0x0000000000000000, Narrow klass shift: 3
Compressed class space size: 1073741824 Address: 0x00000007c0000000

Heap:
 PSYoungGen      total 535040K, used 261334K [0x000000076b400000, 0x00000007a2f80000, 0x00000007c0000000)
  eden space 178688K, 5% used [0x000000076b400000,0x000000076be74898,0x0000000776280000)
  from space 356352K, 70% used [0x0000000776680000,0x0000000785b41110,0x000000078c280000)
  to   space 367104K, 0% used [0x000000078c900000,0x000000078c900000,0x00000007a2f80000)
 ParOldGen       total 433152K, used 137555K [0x00000006c1c00000, 0x00000006dc300000, 0x000000076b400000)
  object space 433152K, 31% used [0x00000006c1c00000,0x00000006ca254fa0,0x00000006dc300000)
 Metaspace       used 59607K, capacity 108857K, committed 112600K, reserved 1150976K
  class space    used 6082K, capacity 8342K, committed 10752K, reserved 1048576K

Card table byte_map: [0x000001ae4cd80000,0x000001ae4d580000] byte_map_base: 0x000001ae49772000

Marking Bits: (ParMarkBitMap*) 0x000000006a847860
 Begin Bits: [0x000001ae4dad0000, 0x000001ae51a60000)
 End Bits:   [0x000001ae51a60000, 0x000001ae559f0000)

Polling page: 0x000001ae3be90000

CodeCache: size=245760Kb used=31861Kb max_used=32638Kb free=213898Kb
 bounds [0x000001ae3d9c0000, 0x000001ae3fa90000, 0x000001ae4c9c0000]
 total_blobs=9193 nmethods=8258 adapters=855
 compilation: enabled

Compilation events (10 events):
Event: 4108.766 Thread 0x000001ae5912a000 nmethod 12383 0x000001ae3eed7a90 code [0x000001ae3eed7c00, 0x000001ae3eed82b8]
Event: 4108.771 Thread 0x000001ae5912b000 nmethod 12384 0x000001ae3eafe410 code [0x000001ae3eafe580, 0x000001ae3eafec18]
Event: 4108.772 Thread 0x000001ae59132800 12385       1       server.maps.MapleMap::getId (5 bytes)
Event: 4108.772 Thread 0x000001ae59132800 nmethod 12385 0x000001ae3e1210d0 code [0x000001ae3e121220, 0x000001ae3e121338]
Event: 4108.773 Thread 0x000001ae59132800 12386       1       client.inventory.Item::getUniqueId (5 bytes)
Event: 4108.773 Thread 0x000001ae59132800 nmethod 12386 0x000001ae3e4afcd0 code [0x000001ae3e4afe20, 0x000001ae3e4aff38]
Event: 4115.147 Thread 0x000001ae59132800 12387       3       jdk.nashorn.internal.runtime.regexp.joni.MinMaxLen::<init> (5 bytes)
Event: 4115.147 Thread 0x000001ae59132800 nmethod 12387 0x000001ae3e935f10 code [0x000001ae3e936060, 0x000001ae3e936218]
Event: 4115.149 Thread 0x000001ae59132800 12388       3       jdk.nashorn.internal.runtime.regexp.joni.MinMaxLen::clear (11 bytes)
Event: 4115.150 Thread 0x000001ae59132800 nmethod 12388 0x000001ae3eb77b50 code [0x000001ae3eb77ca0, 0x000001ae3eb77e18]

GC Heap History (10 events):
Event: 3894.706 GC heap before
{Heap before GC invocations=63 (full 6):
 PSYoungGen      total 537088K, used 375806K [0x000000076b400000, 0x00000007a2800000, 0x00000007c0000000)
  eden space 204800K, 100% used [0x000000076b400000,0x0000000777c00000,0x0000000777c00000)
  from space 332288K, 51% used [0x000000078e380000,0x0000000798a7f8b0,0x00000007a2800000)
  to   space 350208K, 0% used [0x0000000777c00000,0x0000000777c00000,0x000000078d200000)
 ParOldGen       total 433152K, used 137555K [0x00000006c1c00000, 0x00000006dc300000, 0x000000076b400000)
  object space 433152K, 31% used [0x00000006c1c00000,0x00000006ca254fa0,0x00000006dc300000)
 Metaspace       used 55319K, capacity 95801K, committed 112472K, reserved 1150976K
  class space    used 5691K, capacity 7690K, committed 10624K, reserved 1048576K
Event: 3894.761 GC heap after
Heap after GC invocations=63 (full 6):
 PSYoungGen      total 388096K, used 187710K [0x000000076b400000, 0x00000007a1880000, 0x00000007c0000000)
  eden space 200192K, 0% used [0x000000076b400000,0x000000076b400000,0x0000000777780000)
  from space 187904K, 99% used [0x0000000777c00000,0x000000078334f8d0,0x0000000783380000)
  to   space 344576K, 0% used [0x000000078c800000,0x000000078c800000,0x00000007a1880000)
 ParOldGen       total 433152K, used 137555K [0x00000006c1c00000, 0x00000006dc300000, 0x000000076b400000)
  object space 433152K, 31% used [0x00000006c1c00000,0x00000006ca254fa0,0x00000006dc300000)
 Metaspace       used 55319K, capacity 95801K, committed 112472K, reserved 1150976K
  class space    used 5691K, capacity 7690K, committed 10624K, reserved 1048576K
}
Event: 3954.804 GC heap before
{Heap before GC invocations=64 (full 6):
 PSYoungGen      total 388096K, used 387902K [0x000000076b400000, 0x00000007a1880000, 0x00000007c0000000)
  eden space 200192K, 100% used [0x000000076b400000,0x0000000777780000,0x0000000777780000)
  from space 187904K, 99% used [0x0000000777c00000,0x000000078334f8d0,0x0000000783380000)
  to   space 344576K, 0% used [0x000000078c800000,0x000000078c800000,0x00000007a1880000)
 ParOldGen       total 433152K, used 137555K [0x00000006c1c00000, 0x00000006dc300000, 0x000000076b400000)
  object space 433152K, 31% used [0x00000006c1c00000,0x00000006ca254fa0,0x00000006dc300000)
 Metaspace       used 56422K, capacity 99161K, committed 112472K, reserved 1150976K
  class space    used 5792K, capacity 7850K, committed 10624K, reserved 1048576K
Event: 3954.864 GC heap after
Heap after GC invocations=64 (full 6):
 PSYoungGen      total 534528K, used 203791K [0x000000076b400000, 0x00000007a1300000, 0x00000007c0000000)
  eden space 195584K, 0% used [0x000000076b400000,0x000000076b400000,0x0000000777300000)
  from space 338944K, 60% used [0x000000078c800000,0x0000000798f03e00,0x00000007a1300000)
  to   space 344064K, 0% used [0x0000000777300000,0x0000000777300000,0x000000078c300000)
 ParOldGen       total 433152K, used 137555K [0x00000006c1c00000, 0x00000006dc300000, 0x000000076b400000)
  object space 433152K, 31% used [0x00000006c1c00000,0x00000006ca254fa0,0x00000006dc300000)
 Metaspace       used 56422K, capacity 99161K, committed 112472K, reserved 1150976K
  class space    used 5792K, capacity 7850K, committed 10624K, reserved 1048576K
}
Event: 4014.851 GC heap before
{Heap before GC invocations=65 (full 6):
 PSYoungGen      total 534528K, used 399375K [0x000000076b400000, 0x00000007a1300000, 0x00000007c0000000)
  eden space 195584K, 100% used [0x000000076b400000,0x0000000777300000,0x0000000777300000)
  from space 338944K, 60% used [0x000000078c800000,0x0000000798f03e00,0x00000007a1300000)
  to   space 344064K, 0% used [0x0000000777300000,0x0000000777300000,0x000000078c300000)
 ParOldGen       total 433152K, used 137555K [0x00000006c1c00000, 0x00000006dc300000, 0x000000076b400000)
  object space 433152K, 31% used [0x00000006c1c00000,0x00000006ca254fa0,0x00000006dc300000)
 Metaspace       used 57499K, capacity 102447K, committed 112472K, reserved 1150976K
  class space    used 5890K, capacity 8008K, committed 10624K, reserved 1048576K
Event: 4014.914 GC heap after
Heap after GC invocations=65 (full 6):
 PSYoungGen      total 411648K, used 220400K [0x000000076b400000, 0x00000007a1680000, 0x00000007c0000000)
  eden space 190976K, 0% used [0x000000076b400000,0x000000076b400000,0x0000000776e80000)
  from space 220672K, 99% used [0x0000000777300000,0x0000000784a3c3a0,0x0000000784a80000)
  to   space 348160K, 0% used [0x000000078c280000,0x000000078c280000,0x00000007a1680000)
 ParOldGen       total 433152K, used 137555K [0x00000006c1c00000, 0x00000006dc300000, 0x000000076b400000)
  object space 433152K, 31% used [0x00000006c1c00000,0x00000006ca254fa0,0x00000006dc300000)
 Metaspace       used 57499K, capacity 102447K, committed 112472K, reserved 1150976K
  class space    used 5890K, capacity 8008K, committed 10624K, reserved 1048576K
}
Event: 4064.978 GC heap before
{Heap before GC invocations=66 (full 6):
 PSYoungGen      total 411648K, used 411376K [0x000000076b400000, 0x00000007a1680000, 0x00000007c0000000)
  eden space 190976K, 100% used [0x000000076b400000,0x0000000776e80000,0x0000000776e80000)
  from space 220672K, 99% used [0x0000000777300000,0x0000000784a3c3a0,0x0000000784a80000)
  to   space 348160K, 0% used [0x000000078c280000,0x000000078c280000,0x00000007a1680000)
 ParOldGen       total 433152K, used 137555K [0x00000006c1c00000, 0x00000006dc300000, 0x000000076b400000)
  object space 433152K, 31% used [0x00000006c1c00000,0x00000006ca254fa0,0x00000006dc300000)
 Metaspace       used 58560K, capacity 105713K, committed 112472K, reserved 1150976K
  class space    used 5986K, capacity 8162K, committed 10624K, reserved 1048576K
Event: 4065.039 GC heap after
Heap after GC invocations=66 (full 6):
 PSYoungGen      total 530944K, used 235649K [0x000000076b400000, 0x00000007a2280000, 0x00000007c0000000)
  eden space 182784K, 0% used [0x000000076b400000,0x000000076b400000,0x0000000776680000)
  from space 348160K, 67% used [0x000000078c280000,0x000000079a8a0590,0x00000007a1680000)
  to   space 356352K, 0% used [0x0000000776680000,0x0000000776680000,0x000000078c280000)
 ParOldGen       total 433152K, used 137555K [0x00000006c1c00000, 0x00000006dc300000, 0x000000076b400000)
  object space 433152K, 31% used [0x00000006c1c00000,0x00000006ca254fa0,0x00000006dc300000)
 Metaspace       used 58560K, capacity 105713K, committed 112472K, reserved 1150976K
  class space    used 5986K, capacity 8162K, committed 10624K, reserved 1048576K
}
Event: 4115.065 GC heap before
{Heap before GC invocations=67 (full 6):
 PSYoungGen      total 530944K, used 418433K [0x000000076b400000, 0x00000007a2280000, 0x00000007c0000000)
  eden space 182784K, 100% used [0x000000076b400000,0x0000000776680000,0x0000000776680000)
  from space 348160K, 67% used [0x000000078c280000,0x000000079a8a0590,0x00000007a1680000)
  to   space 356352K, 0% used [0x0000000776680000,0x0000000776680000,0x000000078c280000)
 ParOldGen       total 433152K, used 137555K [0x00000006c1c00000, 0x00000006dc300000, 0x000000076b400000)
  object space 433152K, 31% used [0x00000006c1c00000,0x00000006ca254fa0,0x00000006dc300000)
 Metaspace       used 59554K, capacity 108695K, committed 112600K, reserved 1150976K
  class space    used 6077K, capacity 8336K, committed 10752K, reserved 1048576K
Event: 4115.140 GC heap after
Heap after GC invocations=67 (full 6):
 PSYoungGen      total 535040K, used 250628K [0x000000076b400000, 0x00000007a2f80000, 0x00000007c0000000)
  eden space 178688K, 0% used [0x000000076b400000,0x000000076b400000,0x0000000776280000)
  from space 356352K, 70% used [0x0000000776680000,0x0000000785b41110,0x000000078c280000)
  to   space 367104K, 0% used [0x000000078c900000,0x000000078c900000,0x00000007a2f80000)
 ParOldGen       total 433152K, used 137555K [0x00000006c1c00000, 0x00000006dc300000, 0x000000076b400000)
  object space 433152K, 31% used [0x00000006c1c00000,0x00000006ca254fa0,0x00000006dc300000)
 Metaspace       used 59554K, capacity 108695K, committed 112600K, reserved 1150976K
  class space    used 6077K, capacity 8336K, committed 10752K, reserved 1048576K
}

Deoptimization events (10 events):
Event: 3994.835 Thread 0x000001ae5aec2000 Uncommon trap: reason=unhandled action=reinterpret pc=0x000001ae3e2280b4 method=java.lang.invoke.CallSite.<init>(Ljava/lang/invoke/MethodType;)V @ 10
Event: 4004.867 Thread 0x000001ae5aec2000 Uncommon trap: reason=unhandled action=reinterpret pc=0x000001ae3e94c65c method=java.lang.invoke.CallSite.<init>(Ljava/lang/invoke/MethodHandle;)V @ 11
Event: 4034.870 Thread 0x000001ae5aec2000 Uncommon trap: reason=unhandled action=reinterpret pc=0x000001ae3eb9a690 method=java.lang.invoke.CallSite.<init>(Ljava/lang/invoke/MethodType;)V @ 10
Event: 4034.937 Thread 0x000001ae5aec2000 Uncommon trap: reason=unhandled action=reinterpret pc=0x000001ae3e6efaf4 method=java.lang.invoke.CallSite.<init>(Ljava/lang/invoke/MethodType;)V @ 10
Event: 4065.043 Thread 0x000001ae5aec2000 Uncommon trap: reason=unhandled action=reinterpret pc=0x000001ae3f10a7d4 method=java.lang.invoke.CallSite.<init>(Ljava/lang/invoke/MethodHandle;)V @ 11
Event: 4075.021 Thread 0x000001ae5aec2000 Uncommon trap: reason=unhandled action=reinterpret pc=0x000001ae3f4db5b4 method=java.lang.invoke.CallSite.<init>(Ljava/lang/invoke/MethodType;)V @ 10
Event: 4094.946 Thread 0x000001ae5aec2000 Uncommon trap: reason=unhandled action=reinterpret pc=0x000001ae3f80c29c method=java.lang.invoke.CallSite.<init>(Ljava/lang/invoke/MethodHandle;)V @ 11
Event: 4106.643 Thread 0x000001ae5aec4800 Uncommon trap: reason=unstable_if action=reinterpret pc=0x000001ae3e722870 method=com.mysql.jdbc.StatementImpl.realClose(ZZ)V @ 177
Event: 4108.763 Thread 0x000001ae5aec1800 Uncommon trap: reason=unstable_if action=reinterpret pc=0x000001ae3f6d6378 method=com.mysql.jdbc.MysqlIO.reuseAndReadPacket(Lcom/mysql/jdbc/Buffer;I)Lcom/mysql/jdbc/Buffer; @ 236
Event: 4108.768 Thread 0x000001ae5aec1800 Uncommon trap: reason=unstable_if action=reinterpret pc=0x000001ae3e533328 method=com.mysql.jdbc.StatementImpl.realClose(ZZ)V @ 177

Classes redefined (10 events):
Event: 3345.351 Thread 0x000001ae56cb1000 redefined class name=client.messages.commands.AdminCommand$GainCash, count=4
Event: 3345.386 Thread 0x000001ae56cb1000 redefined class name=client.messages.commands.AdminCommand$Heal, count=4
Event: 3345.421 Thread 0x000001ae56cb1000 redefined class name=handling.channel.PlayerStorage, count=2
Event: 3345.458 Thread 0x000001ae56cb1000 redefined class name=server.maps.MapleGenericPortal, count=2
Event: 3345.493 Thread 0x000001ae56cb1000 redefined class name=server.events.MapleOxQuiz, count=4
Event: 3345.526 Thread 0x000001ae56cb1000 redefined class name=client.messages.commands.GMCommand$GainMeso, count=4
Event: 3345.561 Thread 0x000001ae56cb1000 redefined class name=server.maps.AnimatedMapleMapObject, count=2
Event: 3345.600 Thread 0x000001ae56cb1000 redefined class name=tools.MaplePacketCreator, count=6
Event: 3345.634 Thread 0x000001ae56cb1000 redefined class name=client.messages.commands.InternCommand$DC, count=4
Event: 3345.667 Thread 0x000001ae56cb1000 redefined class name=client.messages.commands.InternCommand$Ban, count=4

Internal exceptions (10 events):
Event: 1153.445 Thread 0x000001ae5c37e000 Exception <a 'java/io/FileNotFoundException'> (0x0000000774282788) thrown at [C:\wsjdk\Corretto8Src\installers\windows\zip\corretto-build\buildRoot\src\hotspot\src\share\vm\prims\jni.cpp, line 711]
Event: 1158.126 Thread 0x000001ae5c37e000 Exception <a 'java/io/FileNotFoundException'> (0x0000000774286b28) thrown at [C:\wsjdk\Corretto8Src\installers\windows\zip\corretto-build\buildRoot\src\hotspot\src\share\vm\prims\jni.cpp, line 711]
Event: 1159.710 Thread 0x000001ae5c37e000 Exception <a 'java/io/FileNotFoundException'> (0x0000000774289ef8) thrown at [C:\wsjdk\Corretto8Src\installers\windows\zip\corretto-build\buildRoot\src\hotspot\src\share\vm\prims\jni.cpp, line 711]
Event: 1160.645 Thread 0x000001ae5c37e000 Exception <a 'java/io/FileNotFoundException'> (0x000000077428d1b0) thrown at [C:\wsjdk\Corretto8Src\installers\windows\zip\corretto-build\buildRoot\src\hotspot\src\share\vm\prims\jni.cpp, line 711]
Event: 1165.763 Thread 0x000001ae5c37e000 Exception <a 'java/io/FileNotFoundException'> (0x000000077645bad8) thrown at [C:\wsjdk\Corretto8Src\installers\windows\zip\corretto-build\buildRoot\src\hotspot\src\share\vm\prims\jni.cpp, line 711]
Event: 1167.283 Thread 0x000001ae5c37e000 Exception <a 'java/io/FileNotFoundException'> (0x000000077645eeb0) thrown at [C:\wsjdk\Corretto8Src\installers\windows\zip\corretto-build\buildRoot\src\hotspot\src\share\vm\prims\jni.cpp, line 711]
Event: 1181.046 Thread 0x000001ae5c37e000 Implicit null exception at 0x000001ae3e18ecf9 to 0x000001ae3e18f4e5
Event: 1191.983 Thread 0x000001ae5c37e000 Implicit null exception at 0x000001ae3db38939 to 0x000001ae3db38a4d
Event: 2566.442 Thread 0x000001ae5aebb000 Implicit null exception at 0x000001ae3f9ad783 to 0x000001ae3f9b3291
Event: 3386.026 Thread 0x000001ae5aebb000 Exception <a 'java/io/IOException'> (0x00000007723bdb78) thrown at [C:\wsjdk\Corretto8Src\installers\windows\zip\corretto-build\buildRoot\src\hotspot\src\share\vm\prims\jni.cpp, line 711]

Events (10 events):
Event: 4115.170 loading class jdk/nashorn/internal/runtime/ScriptObject
Event: 4115.170 loading class jdk/nashorn/internal/runtime/ScriptObject done
Event: 4115.170 loading class jdk/nashorn/internal/runtime/ScriptObject
Event: 4115.170 loading class jdk/nashorn/internal/runtime/ScriptObject done
Event: 4115.170 loading class jdk/nashorn/internal/runtime/ScriptObject
Event: 4115.170 loading class jdk/nashorn/internal/runtime/ScriptObject done
Event: 4115.170 loading class jdk/nashorn/internal/runtime/ScriptObject
Event: 4115.170 loading class jdk/nashorn/internal/runtime/ScriptObject done
Event: 4115.170 loading class jdk/nashorn/internal/runtime/ScriptObject
Event: 4115.170 loading class jdk/nashorn/internal/runtime/ScriptObject done


Dynamic libraries:
0x00007ff791ce0000 - 0x00007ff791d1a000 	C:\Users\Terry\.jdks\corretto-1.8.0_322\bin\java.exe
0x00007ffcb2510000 - 0x00007ffcb2708000 	C:\Windows\SYSTEM32\ntdll.dll
0x00007ffcb1a60000 - 0x00007ffcb1b1f000 	C:\Windows\System32\KERNEL32.DLL
0x00007ffcafd30000 - 0x00007ffcb0026000 	C:\Windows\System32\KERNELBASE.dll
0x00007ffcb1090000 - 0x00007ffcb113f000 	C:\Windows\System32\ADVAPI32.dll
0x00007ffcb1480000 - 0x00007ffcb151e000 	C:\Windows\System32\msvcrt.dll
0x00007ffcb0c90000 - 0x00007ffcb0d2c000 	C:\Windows\System32\sechost.dll
0x00007ffcb06a0000 - 0x00007ffcb07c6000 	C:\Windows\System32\RPCRT4.dll
0x00007ffcb0ae0000 - 0x00007ffcb0c7d000 	C:\Windows\System32\USER32.dll
0x00007ffcafc70000 - 0x00007ffcafc92000 	C:\Windows\System32\win32u.dll
0x00007ffcb23c0000 - 0x00007ffcb23ec000 	C:\Windows\System32\GDI32.dll
0x00007ffcb0450000 - 0x00007ffcb0565000 	C:\Windows\System32\gdi32full.dll
0x00007ffcb0250000 - 0x00007ffcb02ed000 	C:\Windows\System32\msvcp_win.dll
0x00007ffcb0150000 - 0x00007ffcb0250000 	C:\Windows\System32\ucrtbase.dll
0x00007ffc9e250000 - 0x00007ffc9e4ea000 	C:\Windows\WinSxS\amd64_microsoft.windows.common-controls_6595b64144ccf1df_6.0.19041.1110_none_60b5254171f9507e\COMCTL32.dll
0x00007ffcb1360000 - 0x00007ffcb1390000 	C:\Windows\System32\IMM32.DLL
0x00007ffc713d0000 - 0x00007ffc714bf000 	C:\Users\Terry\.jdks\corretto-1.8.0_322\jre\bin\msvcr120.dll
0x00007ffc85010000 - 0x00007ffc850b6000 	C:\Users\Terry\.jdks\corretto-1.8.0_322\jre\bin\msvcp120.dll
0x000000006a050000 - 0x000000006a8c6000 	C:\Users\Terry\.jdks\corretto-1.8.0_322\jre\bin\server\jvm.dll
0x00007ffcb1b30000 - 0x00007ffcb1b38000 	C:\Windows\System32\PSAPI.DLL
0x00007ffcae9f0000 - 0x00007ffcae9fa000 	C:\Windows\SYSTEM32\VERSION.dll
0x00007ffc918e0000 - 0x00007ffc918e9000 	C:\Windows\SYSTEM32\WSOCK32.dll
0x00007ffca43a0000 - 0x00007ffca43c7000 	C:\Windows\SYSTEM32\WINMM.dll
0x00007ffcb1140000 - 0x00007ffcb11ab000 	C:\Windows\System32\WS2_32.dll
0x00007ffc9b7c0000 - 0x00007ffc9b7cf000 	C:\Users\Terry\.jdks\corretto-1.8.0_322\jre\bin\verify.dll
0x00007ffc9b770000 - 0x00007ffc9b799000 	C:\Users\Terry\.jdks\corretto-1.8.0_322\jre\bin\java.dll
0x00007ffc7ff20000 - 0x00007ffc7ff55000 	C:\Users\Terry\.jdks\corretto-1.8.0_322\jre\bin\jdwp.dll
0x00007ffc94370000 - 0x00007ffc94378000 	C:\Users\Terry\.jdks\corretto-1.8.0_322\jre\bin\npt.dll
0x00007ffc9b130000 - 0x00007ffc9b146000 	C:\Users\Terry\.jdks\corretto-1.8.0_322\jre\bin\zip.dll
0x00007ffcb1b40000 - 0x00007ffcb2284000 	C:\Windows\System32\SHELL32.dll
0x00007ffcae210000 - 0x00007ffcae9a3000 	C:\Windows\SYSTEM32\windows.storage.dll
0x00007ffcb0d30000 - 0x00007ffcb1084000 	C:\Windows\System32\combase.dll
0x00007ffcaf650000 - 0x00007ffcaf67e000 	C:\Windows\SYSTEM32\Wldp.dll
0x00007ffcb08f0000 - 0x00007ffcb099d000 	C:\Windows\System32\SHCORE.dll
0x00007ffcb1390000 - 0x00007ffcb13e5000 	C:\Windows\System32\shlwapi.dll
0x00007ffcafb30000 - 0x00007ffcafb4f000 	C:\Windows\SYSTEM32\profapi.dll
0x00007ffc93400000 - 0x00007ffc93409000 	C:\Users\Terry\.jdks\corretto-1.8.0_322\jre\bin\dt_socket.dll
0x00007ffcaf3b0000 - 0x00007ffcaf41a000 	C:\Windows\system32\mswsock.dll
0x00007ffc942b0000 - 0x00007ffc942ca000 	C:\Users\Terry\.jdks\corretto-1.8.0_322\jre\bin\net.dll
0x00007ffcaf0a0000 - 0x00007ffcaf16b000 	C:\Windows\SYSTEM32\DNSAPI.dll
0x00007ffcaf050000 - 0x00007ffcaf08c000 	C:\Windows\SYSTEM32\IPHLPAPI.DLL
0x00007ffcb0c80000 - 0x00007ffcb0c88000 	C:\Windows\System32\NSI.dll
0x00007ffca9920000 - 0x00007ffca992a000 	C:\Windows\System32\rasadhlp.dll
0x00007ffca9440000 - 0x00007ffca94c2000 	C:\Windows\System32\fwpuclnt.dll
0x00007ffcafbf0000 - 0x00007ffcafc17000 	C:\Windows\System32\bcrypt.dll
0x00007ffc941f0000 - 0x00007ffc94202000 	C:\Users\Terry\.jdks\corretto-1.8.0_322\jre\bin\nio.dll
0x00007ffcaf5a0000 - 0x00007ffcaf5b8000 	C:\Windows\SYSTEM32\CRYPTSP.dll
0x00007ffcaec60000 - 0x00007ffcaec94000 	C:\Windows\system32\rsaenh.dll
0x00007ffcafaf0000 - 0x00007ffcafb1e000 	C:\Windows\SYSTEM32\USERENV.dll
0x00007ffcafca0000 - 0x00007ffcafd22000 	C:\Windows\System32\bcryptprimitives.dll
0x00007ffcaf5c0000 - 0x00007ffcaf5cc000 	C:\Windows\SYSTEM32\CRYPTBASE.dll
0x00007ffca9fd0000 - 0x00007ffca9fe7000 	C:\Windows\SYSTEM32\dhcpcsvc6.DLL
0x00007ffca9fb0000 - 0x00007ffca9fcd000 	C:\Windows\SYSTEM32\dhcpcsvc.DLL
0x00007ffc9b740000 - 0x00007ffc9b74d000 	C:\Users\Terry\.jdks\corretto-1.8.0_322\jre\bin\management.dll
0x00007ffc8a330000 - 0x00007ffc8a347000 	C:\Windows\system32\napinsp.dll
0x00007ffc8a2f0000 - 0x00007ffc8a30b000 	C:\Windows\system32\pnrpnsp.dll
0x00007ffc94e20000 - 0x00007ffc94e35000 	C:\Windows\system32\wshbth.dll
0x00007ffcab7f0000 - 0x00007ffcab80d000 	C:\Windows\system32\NLAapi.dll
0x00007ffc8a310000 - 0x00007ffc8a322000 	C:\Windows\System32\winrnr.dll
0x00007ffc8cc60000 - 0x00007ffc8cc83000 	C:\Users\Terry\.jdks\corretto-1.8.0_322\jre\bin\sunec.dll
0x00007ffca3a60000 - 0x00007ffca3c44000 	C:\Windows\SYSTEM32\dbghelp.dll

VM Arguments:
jvm_args: -Dnet.sf.odinms.wzpath=wz -agentlib:jdwp=transport=dt_socket,server=n,suspend=y,address=127.0.0.1:43433 -Dfile.encoding=UTF-8 -Duser.country=TW -Duser.language=zh -Duser.variant 
java_command: server.Start -Xmx512M -server server.Start
java_class_path (initial): C:\Users\Terry\Desktop\MapleStory-v113-Server-Eimulator\build\classes\java\main;C:\Users\Terry\Desktop\MapleStory-v113-Server-Eimulator\build\resources\main;C:\Users\Terry\Desktop\MapleStory-v113-Server-Eimulator\dist\lib\netty-all-4.1.15.Final.jar;C:\Users\Terry\Desktop\MapleStory-v113-Server-Eimulator\dist\lib\slf4j-api-1.7.5.jar;C:\Users\Terry\Desktop\MapleStory-v113-Server-Eimulator\dist\lib\slf4j-jdk14-1.7.5.jar;C:\Users\Terry\Desktop\MapleStory-v113-Server-Eimulator\dist\lib\mysql-connector-java-5.1.37.jar
Launcher Type: SUN_STANDARD

Environment Variables:
PATH=C:\ffmpeg\bin;C:\Program Files (x86)\Common Files\Oracle\Java\javapath;C:\Windows\system32;C:\Windows;C:\Windows\System32\Wbem;C:\Windows\System32\WindowsPowerShell\v1.0\;C:\Windows\System32\OpenSSH\;C:\Program Files\dotnet\;C:\Program Files\NVIDIA Corporation\NVIDIA NvDLISR;C:\Program Files (x86)\NVIDIA Corporation\PhysX\Common;C:\WINDOWS\system32;C:\WINDOWS;C:\WINDOWS\System32\Wbem;C:\WINDOWS\System32\WindowsPowerShell\v1.0\;C:\WINDOWS\System32\OpenSSH\;C:\Program Files (x86)\Windows Kits\8.1\Windows Performance Toolkit\;C:\Program Files\nodejs\;C:\Users\Terry\AppData\Local\Programs\Python\Python37\Scripts\;C:\Users\Terry\AppData\Local\Programs\Python\Python37\;C:\Users\Terry\AppData\Local\Programs\Python\Python38-32\Scripts\;C:\Users\Terry\AppData\Local\Programs\Python\Python38-32\;C:\Users\Terry\AppData\Local\Microsoft\WindowsApps;C:\Users\Terry\Desktop\ffmpeg-20191219-99f505d-win64-static\bin;C:\Users\Terry\Desktop\ffmpeg-20200504-5767a2e-win64-static\bin;C:\Users\Terry\AppData\Local\GitHubDesktop\bin;C:\Users\Terry\go\bin;C:\Users\Terry\AppData\Local\Programs\Microsoft VS Code\bin;C:\Users\Terry\AppData\Local\Microsoft;C:\Program Files\Tesseract-OCR;C:\Program Files\Git\cmd;C:\Users\Terry\AppData\Local\Programs\Python\Python37\Scripts\;C:\Users\Terry\AppData\Local\Programs\Python\Python37\;C:\Users\Terry\AppData\Local\Programs\Python\Python38-32\Scripts\;C:\Users\Terry\AppData\Local\Programs\Python\Python38-32\;C:\Users\Terry\AppData\Local\Microsoft\WindowsApps;C:\Users\Terry\Desktop\ffmpeg-20191219-99f505d-win64-static\bin;C:\Users\Terry\Desktop\ffmpeg-20200504-5767a2e-win64-static\bin;C:\Users\Terry\AppData\Local\GitHubDesktop\bin;C:\Users\Terry\go\bin;C:\Users\Terry\AppData\Local\Programs\Microsoft VS Code\bin;C:\Users\Terry\AppData\Local\Microsoft\WindowsApps;C:\Program Files\JetBrains\IntelliJ IDEA Community Edition 2022.1\bin;;C:\Users\Terry\AppData\Roaming\npm;C:\Program Files\Tesseract-OCR;C:\Users\Terry\anaconda3\Scripts;C:\Users\Terry\.dotnet\tools
USERNAME=Terry
OS=Windows_NT
PROCESSOR_IDENTIFIER=AMD64 Family 23 Model 113 Stepping 0, AuthenticAMD



---------------  S Y S T E M  ---------------

OS: Windows 10.0 , 64 bit Build 19041 (10.0.19041.2913)

CPU:total 12 (initial active 12) (12 cores per cpu, 1 threads per core) family 23 model 113 stepping 0, cmov, cx8, fxsr, mmx, sse, sse2, sse3, ssse3, sse4.1, sse4.2, popcnt, avx, avx2, aes, clmul, mmxext, 3dnowpref, lzcnt, sse4a, tsc, tscinvbit, tscinv, bmi1

Memory: 4k page, physical 16659144k(461880k free), swap 38724560k(4386496k free)

vm_info: OpenJDK 64-Bit Server VM (25.322-b06) for windows-amd64 JRE (1.8.0_322-b06), built on Jan 13 2022 23:37:51 by "Administrator" with MS VC++ 12.0 (VS2013)

time: Sat May 27 14:20:52 2023
timezone: ¢Dx¢D_?D¡PCRE?!
elapsed time: 4124.602284 seconds (0d 1h 8m 44s)

